\BOOKMARK [1][-]{section.1}{\376\377\000T\000h\000e\000m\000e\000n\000b\000e\000s\000c\000h\000r\000e\000i\000b\000u\000n\000g}{}% 1
\BOOKMARK [2][-]{subsection.1.1}{\376\377\000P\000r\000o\000j\000e\000k\000t\000z\000i\000e\000l\000e}{section.1}% 2
\BOOKMARK [2][-]{subsection.1.2}{\376\377\000U\000n\000s\000e\000r\000e\000\040\000V\000i\000s\000i\000o\000n}{section.1}% 3
\BOOKMARK [2][-]{subsection.1.3}{\376\377\000P\000o\000t\000e\000n\000z\000i\000e\000l\000l\000\040\000n\000u\000t\000z\000b\000a\000r\000e\000\040\000A\000P\000I\000s}{section.1}% 4
\BOOKMARK [3][-]{subsubsection.1.3.1}{\376\377\000m\000x\000P\000a\000r\000s\000e\000r}{subsection.1.3}% 5
\BOOKMARK [3][-]{subsubsection.1.3.2}{\376\377\000J\000S\000c\000i\000e\000n\000c\000e}{subsection.1.3}% 6
\BOOKMARK [2][-]{subsection.1.4}{\376\377\000T\000e\000c\000h\000n\000o\000l\000o\000g\000i\000e\000n\000\040\000u\000n\000d\000\040\000T\000o\000o\000l\000s}{section.1}% 7
\BOOKMARK [2][-]{subsection.1.5}{\376\377\000P\000r\000o\000g\000r\000a\000m\000m\000i\000e\000r\000s\000p\000r\000a\000c\000h\000e\000\040\000u\000n\000d\000\040\000P\000l\000a\000t\000t\000f\000o\000r\000m}{section.1}% 8
\BOOKMARK [2][-]{subsection.1.6}{\376\377\000A\000P\000I\000s\000\040\000u\000n\000d\000\040\000B\000i\000b\000l\000i\000o\000t\000h\000e\000k\000e\000n}{section.1}% 9
\BOOKMARK [2][-]{subsection.1.7}{\376\377\000E\000n\000t\000w\000i\000c\000k\000l\000u\000n\000g\000s\000u\000m\000g\000e\000b\000u\000n\000g\000\040\000u\000n\000d\000\040\000T\000o\000o\000l\000s}{section.1}% 10
\BOOKMARK [1][-]{section.2}{\376\377\000V\000o\000r\000g\000e\000h\000e\000n\000s\000m\000o\000d\000e\000l\000l\000:\000\040\000K\000a\000n\000b\000a\000n}{}% 11
\BOOKMARK [2][-]{subsection.2.1}{\376\377\000G\000r\000u\000n\000d\000l\000a\000g\000e\000n\000\040\000v\000o\000n\000\040\000K\000a\000n\000b\000a\000n}{section.2}% 12
\BOOKMARK [2][-]{subsection.2.2}{\376\377\000A\000n\000w\000e\000n\000d\000u\000n\000g\000\040\000v\000o\000n\000\040\000K\000a\000n\000b\000a\000n}{section.2}% 13
\BOOKMARK [2][-]{subsection.2.3}{\376\377\000V\000o\000r\000t\000e\000i\000l\000e\000\040\000u\000n\000d\000\040\000E\000r\000f\000a\000h\000r\000u\000n\000g\000e\000n}{section.2}% 14
\BOOKMARK [1][-]{section.3}{\376\377\000A\000n\000f\000o\000r\000d\000e\000r\000u\000n\000g\000s\000a\000n\000a\000l\000y\000s\000e}{}% 15
\BOOKMARK [2][-]{subsection.3.1}{\376\377\000F\000u\000n\000k\000t\000i\000o\000n\000a\000l\000e\000\040\000A\000n\000f\000o\000r\000d\000e\000r\000u\000n\000g\000e\000n}{section.3}% 16
\BOOKMARK [2][-]{subsection.3.2}{\376\377\000N\000i\000c\000h\000t\000\040\000f\000u\000n\000k\000t\000i\000o\000n\000a\000l\000e\000\040\000A\000n\000f\000o\000r\000d\000e\000r\000u\000n\000g\000e\000n}{section.3}% 17
\BOOKMARK [2][-]{subsection.3.3}{\376\377\000A\000k\000t\000i\000v\000i\000t\000\344\000t\000s\000d\000i\000a\000g\000r\000a\000m\000m}{section.3}% 18
\BOOKMARK [1][-]{section.4}{\376\377\000U\000s\000e\000-\000C\000a\000s\000e\000-\000D\000i\000a\000g\000r\000a\000m\000m}{}% 19
\BOOKMARK [2][-]{subsection.4.1}{\376\377\000E\000r\000k\000l\000\344\000r\000u\000n\000g}{section.4}% 20
\BOOKMARK [2][-]{subsection.4.2}{\376\377\000D\000i\000a\000g\000r\000a\000m\000m}{section.4}% 21
\BOOKMARK [1][-]{section.5}{\376\377\000S\000y\000s\000t\000e\000m\000a\000r\000c\000h\000i\000t\000e\000k\000t\000u\000r}{}% 22
\BOOKMARK [2][-]{subsection.5.1}{\376\377\000\334\000b\000e\000r\000s\000i\000c\000h\000t}{section.5}% 23
\BOOKMARK [2][-]{subsection.5.2}{\376\377\000F\000r\000o\000n\000t\000e\000n\000d}{section.5}% 24
\BOOKMARK [2][-]{subsection.5.3}{\376\377\000B\000a\000c\000k\000e\000n\000d}{section.5}% 25
\BOOKMARK [2][-]{subsection.5.4}{\376\377\000K\000l\000a\000s\000s\000e\000n\000d\000i\000a\000g\000r\000a\000m\000m}{section.5}% 26
\BOOKMARK [1][-]{section.6}{\376\377\000U\000m\000s\000e\000t\000z\000u\000n\000g\000\040\000\050\000P\000r\000o\000g\000r\000a\000m\000m\000i\000e\000r\000u\000n\000g\000\051}{}% 27
\BOOKMARK [2][-]{subsection.6.1}{\376\377\000U\000I\000-\000P\000r\000o\000t\000o\000t\000y\000p}{section.6}% 28
\BOOKMARK [2][-]{subsection.6.2}{\376\377\000B\000a\000c\000k\000e\000n\000d\000-\000E\000n\000t\000w\000i\000c\000k\000l\000u\000n\000g}{section.6}% 29
\BOOKMARK [2][-]{subsection.6.3}{\376\377\000F\000r\000o\000n\000t\000e\000n\000d\000-\000E\000n\000t\000w\000i\000c\000k\000l\000u\000n\000g}{section.6}% 30
\BOOKMARK [2][-]{subsection.6.4}{\376\377\000I\000n\000t\000e\000g\000r\000a\000t\000i\000o\000n\000\040\000v\000o\000n\000\040\000A\000P\000I\000s}{section.6}% 31
\BOOKMARK [2][-]{subsection.6.5}{\376\377\000T\000e\000s\000t\000s\000t\000r\000a\000t\000e\000g\000i\000e}{section.6}% 32
\BOOKMARK [1][-]{section.7}{\376\377\000B\000e\000n\000u\000t\000z\000u\000n\000g\000\040\000\050\000U\000s\000e\000r\000\040\000G\000u\000i\000d\000e\000\051}{}% 33
\BOOKMARK [2][-]{subsection.7.1}{\376\377\000I\000n\000s\000t\000a\000l\000l\000a\000t\000i\000o\000n\000\040\000u\000n\000d\000\040\000E\000i\000n\000r\000i\000c\000h\000t\000u\000n\000g}{section.7}% 34
\BOOKMARK [2][-]{subsection.7.2}{\376\377\000B\000e\000d\000i\000e\000n\000u\000n\000g\000\040\000d\000e\000r\000\040\000A\000n\000w\000e\000n\000d\000u\000n\000g}{section.7}% 35
\BOOKMARK [2][-]{subsection.7.3}{\376\377\000B\000e\000i\000s\000p\000i\000e\000l\000e}{section.7}% 36
\BOOKMARK [1][-]{section.8}{\376\377\000F\000a\000z\000i\000t}{}% 37
\BOOKMARK [2][-]{subsection.8.1}{\376\377\000Z\000u\000s\000a\000m\000m\000e\000n\000f\000a\000s\000s\000u\000n\000g}{section.8}% 38
\BOOKMARK [2][-]{subsection.8.2}{\376\377\000E\000r\000r\000e\000i\000c\000h\000t\000e\000\040\000Z\000i\000e\000l\000e}{section.8}% 39
\BOOKMARK [2][-]{subsection.8.3}{\376\377\000Z\000u\000k\000\374\000n\000f\000t\000i\000g\000e\000\040\000E\000r\000w\000e\000i\000t\000e\000r\000u\000n\000g\000e\000n}{section.8}% 40
\BOOKMARK [1][-]{section.9}{\376\377\000A\000n\000h\000a\000n\000g}{}% 41
\BOOKMARK [2][-]{subsection.9.1}{\376\377\000A\000r\000b\000e\000i\000t\000s\000t\000a\000g\000e\000b\000u\000c\000h\000\040\000\050\000P\000l\000a\000n\000u\000n\000g\000\051}{section.9}% 42
\BOOKMARK [2][-]{subsection.9.2}{\376\377\000A\000r\000b\000e\000i\000t\000s\000t\000a\000g\000e\000b\000u\000c\000h\000\040\000\050\000U\000m\000s\000e\000t\000z\000u\000n\000g\000\051}{section.9}% 43
\BOOKMARK [2][-]{subsection.9.3}{\376\377\000Q\000u\000e\000l\000l\000c\000o\000d\000e}{section.9}% 44
\BOOKMARK [2][-]{subsection.9.4}{\376\377\000S\000c\000r\000e\000e\000n\000s\000h\000o\000t\000s}{section.9}% 45
\BOOKMARK [2][-]{subsection.9.5}{\376\377\000L\000i\000z\000e\000n\000z\000i\000n\000f\000o\000r\000m\000a\000t\000i\000o\000n\000e\000n}{section.9}% 46
\BOOKMARK [2][-]{subsection.9.6}{\376\377\000A\000b\000b\000i\000l\000d\000u\000n\000g\000s\000v\000e\000r\000z\000e\000i\000c\000h\000n\000i\000s}{section.9}% 47
